<?xml version="1.0" encoding="UTF-8"?>
<!-- Generated by org.testng.reporters.JUnitReportReporter -->
<testsuite hostname="DESKTOP-AL2CIG6" failures="0" tests="2" name="testngFiles2.Annotations" time="0.015" errors="0" timestamp="2021-03-24T19:34:34 BDT" skipped="0">
  <testcase classname="testngFiles2.Annotations" name="FlightBooking" time="0.009"/>
  <system-out/>
  <testcase classname="testngFiles2.Annotations" name="OpeningBrowser" time="0.006"/>
  <system-out/>
</testsuite> <!-- testngFiles2.Annotations -->
