<?xml version="1.0" encoding="UTF-8"?>
<!-- Generated by org.testng.reporters.JUnitReportReporter -->
<testsuite hostname="DESKTOP-AL2CIG6" failures="0" tests="6" name="datddriven.Annotations" time="18.804" errors="0" timestamp="2021-03-24T20:11:49 BDT" skipped="0">
  <testcase classname="datddriven.Annotations" name="Userid" time="0.003"/>
  <system-out/>
  <testcase classname="datddriven.Annotations" name="Userid" time="0.004"/>
  <system-out/>
  <testcase classname="datddriven.Annotations" name="UseridGeneration" time="9.461"/>
  <system-out/>
  <testcase classname="datddriven.Annotations" name="software" time="0.002"/>
  <system-out/>
  <testcase classname="datddriven.Annotations" name="Userid" time="0.003"/>
  <system-out/>
  <testcase classname="datddriven.Annotations" name="login" time="9.331"/>
  <system-out/>
</testsuite> <!-- datddriven.Annotations -->
