<?xml version="1.0" encoding="UTF-8"?>
<!-- Generated by org.testng.reporters.JUnitReportReporter -->
<testsuite hostname="DESKTOP-AL2CIG6" failures="0" tests="3" name="packTwo.Annotations" time="0.024" errors="0" timestamp="2021-03-24T19:34:34 BDT" skipped="0">
  <testcase classname="packTwo.Annotations" name="FlightBooking" time="0.005"/>
  <system-out/>
  <testcase classname="packTwo.Annotations" name="FlightCancel" time="0.007"/>
  <system-out/>
  <testcase classname="packTwo.Annotations" name="OpeningBrowser" time="0.012"/>
  <system-out/>
</testsuite> <!-- packTwo.Annotations -->
