<?xml version="1.0" encoding="UTF-8"?>
<!-- Generated by org.testng.reporters.JUnitReportReporter -->
<testsuite hostname="DESKTOP-AL2CIG6" failures="0" tests="2" name="testngFiles.Annot2" time="11.625" errors="0" timestamp="2021-03-24T20:11:09 BDT" skipped="0">
  <testcase classname="testngFiles.Annot2" name="software" time="0.002"/>
  <system-out/>
  <testcase classname="testngFiles.Annot2" name="login" time="11.623"/>
  <system-out/>
</testsuite> <!-- testngFiles.Annot2 -->
