<?xml version="1.0" encoding="UTF-8"?>
<!-- Generated by org.testng.reporters.JUnitReportReporter -->
<testsuite hostname="DESKTOP-AL2CIG6" failures="0" tests="1" name="packTwo.Annot2" time="0.002" errors="0" timestamp="2021-03-24T19:34:34 BDT" skipped="0">
  <testcase classname="packTwo.Annot2" name="software" time="0.002"/>
  <system-out/>
</testsuite> <!-- packTwo.Annot2 -->
