<?xml version="1.0" encoding="UTF-8"?>
<!-- Generated by org.testng.reporters.JUnitReportReporter -->
<testsuite hostname="DESKTOP-AL2CIG6" failures="0" tests="1" name="testngFiles2.Annot2" time="0.009" errors="0" timestamp="2021-03-24T19:34:34 BDT" skipped="0">
  <testcase classname="testngFiles2.Annot2" name="software" time="0.009"/>
  <system-out/>
</testsuite> <!-- testngFiles2.Annot2 -->
