<?xml version="1.0" encoding="UTF-8"?>
<!-- Generated by org.testng.reporters.JUnitReportReporter -->
<testsuite hostname="DESKTOP-AL2CIG6" failures="0" tests="2" name="test.Day1" time="0.017" errors="0" timestamp="2021-03-18T18:20:51 BDT" skipped="0">
  <testcase classname="test.Day1" name="Demo" time="0.013"/>
  <system-out/>
  <testcase classname="test.Day1" name="Demo2" time="0.004"/>
  <system-out/>
</testsuite> <!-- test.Day1 -->
