<?xml version="1.0" encoding="UTF-8"?>
<!-- Generated by org.testng.reporters.JUnitReportReporter -->
<testsuite hostname="DESKTOP-AL2CIG6" failures="0" tests="2" name="test.Day3" time="0.010" errors="0" timestamp="2021-03-22T19:15:14 BDT" skipped="0">
  <testcase classname="test.Day3" name="loanFinal2" time="0.001"/>
  <system-out/>
  <testcase classname="test.Day3" name="loanFinal" time="0.009"/>
  <system-out/>
</testsuite> <!-- test.Day3 -->
