<?xml version="1.0" encoding="UTF-8"?>
<!-- Generated by org.testng.reporters.JUnitReportReporter -->
<testsuite hostname="DESKTOP-AL2CIG6" failures="0" tests="2" name="test.Day1" time="0.013" errors="0" timestamp="2021-03-18T19:08:18 BDT" skipped="0">
  <testcase classname="test.Day1" name="Demo" time="0.012"/>
  <system-out/>
  <testcase classname="test.Day1" name="Demo2" time="0.001"/>
  <system-out/>
</testsuite> <!-- test.Day1 -->
