<?xml version="1.0" encoding="UTF-8"?>
<!-- Generated by org.testng.reporters.JUnitReportReporter -->
<testsuite hostname="DESKTOP-AL2CIG6" failures="0" tests="8" name="test.Day3" time="0.027" errors="0" timestamp="2021-03-24T13:50:34 BDT" skipped="0">
  <testcase classname="test.Day3" name="loanFinalww" time="0.006"/>
  <system-out/>
  <testcase classname="test.Day3" name="loanFinalk" time="0.003"/>
  <system-out/>
  <testcase classname="test.Day3" name="login" time="0.003"/>
  <system-out/>
  <testcase classname="test.Day3" name="loanFinalkk" time="0.002"/>
  <system-out/>
  <testcase classname="test.Day3" name="login" time="0.002"/>
  <system-out/>
  <testcase classname="test.Day3" name="login" time="0.005"/>
  <system-out/>
  <testcase classname="test.Day3" name="loanFinalw" time="0.003"/>
  <system-out/>
  <testcase classname="test.Day3" name="loanFinall" time="0.003"/>
  <system-out/>
</testsuite> <!-- test.Day3 -->
