<?xml version="1.0" encoding="UTF-8"?>
<!-- Generated by org.testng.reporters.JUnitReportReporter -->
<testsuite hostname="DESKTOP-AL2CIG6" failures="0" tests="4" name="test.Day1" time="0.027" errors="0" timestamp="2021-03-18T19:48:35 BDT" skipped="0">
  <testcase classname="test.Day1" name="Demo4day1" time="0.008"/>
  <system-out/>
  <testcase classname="test.Day1" name="Demo1day1" time="0.004"/>
  <system-out/>
  <testcase classname="test.Day1" name="Demo5day1" time="0.004"/>
  <system-out/>
  <testcase classname="test.Day1" name="Demo3day1" time="0.011"/>
  <system-out/>
</testsuite> <!-- test.Day1 -->
