<?xml version="1.0" encoding="UTF-8"?>
<!-- Generated by org.testng.reporters.JUnitReportReporter -->
<testsuite hostname="DESKTOP-AL2CIG6" failures="0" tests="1" name="test.Day2" time="0.017" errors="0" timestamp="2021-03-18T19:48:35 BDT" skipped="0">
  <testcase classname="test.Day2" name="demo1day2" time="0.017"/>
  <system-out/>
</testsuite> <!-- test.Day2 -->
