<?xml version="1.0" encoding="UTF-8"?>
<!-- Generated by org.testng.reporters.JUnitReportReporter -->
<testsuite hostname="DESKTOP-AL2CIG6" failures="0" tests="2" name="test.Day2" time="0.004" errors="0" timestamp="2021-03-18T19:08:18 BDT" skipped="0">
  <testcase classname="test.Day2" name="demo" time="0.002"/>
  <system-out/>
  <testcase classname="test.Day2" name="demo" time="0.002"/>
  <system-out/>
</testsuite> <!-- test.Day2 -->
