<?xml version="1.0" encoding="UTF-8"?>
<!-- Generated by org.testng.reporters.JUnitReportReporter -->
<testsuite hostname="DESKTOP-AL2CIG6" failures="0" tests="1" name="test.Day2" time="0.003" errors="0" timestamp="2021-03-22T19:15:14 BDT" skipped="0">
  <testcase classname="test.Day2" name="demo1day2" time="0.003"/>
  <system-out/>
</testsuite> <!-- test.Day2 -->
