<?xml version="1.0" encoding="UTF-8"?>
<!-- Generated by org.testng.reporters.JUnitReportReporter -->
<testsuite hostname="DESKTOP-AL2CIG6" failures="0" tests="3" name="test.Day2" time="0.017" errors="0" timestamp="2021-03-23T16:26:01 BDT" skipped="1">
  <testcase classname="test.Day2" name="demo1day2" time="0.015"/>
  <system-out/>
  <testcase classname="test.Day2" name="demo4day2" time="0.002"/>
  <system-out/>
  <testcase classname="test.Day2" name="demo3day2">
    <skipped/>
  </testcase> <!-- demo3day2 -->
  <system-out/>
</testsuite> <!-- test.Day2 -->
