<?xml version="1.0" encoding="UTF-8"?>
<!-- Generated by org.testng.reporters.JUnitReportReporter -->
<testsuite hostname="DESKTOP-AL2CIG6" failures="0" tests="1" name="test.Day2" time="0.007" errors="0" timestamp="2021-03-18T18:20:51 BDT" skipped="0">
  <testcase classname="test.Day2" name="demo" time="0.007"/>
  <system-out/>
</testsuite> <!-- test.Day2 -->
