<?xml version="1.0" encoding="UTF-8"?>
<!-- Generated by org.testng.reporters.JUnitReportReporter -->
<testsuite hostname="DESKTOP-AL2CIG6" failures="0" tests="4" name="test.Day1" time="0.012" errors="0" timestamp="2021-03-22T19:15:14 BDT" skipped="0">
  <testcase classname="test.Day1" name="Demo1day11" time="0.003"/>
  <system-out/>
  <testcase classname="test.Day1" name="Demo3day1" time="0.003"/>
  <system-out/>
  <testcase classname="test.Day1" name="Demo1day1" time="0.003"/>
  <system-out/>
  <testcase classname="test.Day1" name="Demo1day12" time="0.003"/>
  <system-out/>
</testsuite> <!-- test.Day1 -->
